C51 COMPILER V9.01   LCD1602                                                               06/03/2019 13:50:10 PAGE 1   


C51 COMPILER V9.01, COMPILATION OF MODULE LCD1602
OBJECT MODULE PLACED IN ..\OBJ\LCD1602.obj
COMPILER INVOKED BY: D:\keil\C51\BIN\C51.EXE ..\HARDWARE\LCD1602.c BROWSE INCDIR(..\HARDWARE;..\HARDWARE) DEBUG OBJECTEX
                    -TEND PRINT(.\LCD1602.lst) OBJECT(..\OBJ\LCD1602.obj)

line level    source

   1          #include "LCD1602.h"
   2          
   3          /*******************************************************
   4          ***********   函 数 名 ：LcdWriteCom       *************
   5          ***********   功 能    ：写入一个字节命令  *************
   6          ********************************************************/
   7          void LcdWriteCom(u8 com)        
   8          {
   9   1              LCD1602_E = 0;             //使能
  10   1              LCD1602_RS = 0;            //选择发送命令
  11   1              LCD1602_RW = 0;            //选择写入
  12   1              
  13   1              LCD1602_DATAPINS = com;    //放入命令
  14   1              Lcd1602_Delay1ms(1);       //延时等待数据稳定¨
  15   1      
  16   1              LCD1602_E = 1;             //写入时序
  17   1              Lcd1602_Delay1ms(5);       //延时等待
  18   1              LCD1602_E = 0;
  19   1      }
  20          
  21          /*******************************************************
  22          ***********   函 数 名 ：LcdWriteData       ************
  23          ***********   功 能    ：写入一个字节数据   ************
  24          ********************************************************/
  25          void LcdWriteData(u8 dat)               
  26          {
  27   1              LCD1602_E = 0;          //使能清零
  28   1              LCD1602_RS = 1;         //选择输入数据
  29   1              LCD1602_RW = 0;         //选择写入
  30   1      
  31   1              LCD1602_DATAPINS = dat; //写入数据
  32   1              Lcd1602_Delay1ms(1);    //延时
  33   1      
  34   1              LCD1602_E = 1;          //写入时序
  35   1              Lcd1602_Delay1ms(5);    //延时等待
  36   1              LCD1602_E = 0;
  37   1      }
  38          
  39          /*******************************************************
  40          ***********       函 数 名 ：LcdInit       *************
  41          ***********       功 能    ：LCD初始化     *************
  42          ********************************************************/
  43          void LcdInit()                                           
  44          {
  45   1              LcdWriteCom(0x38);  //开显示
  46   1              LcdWriteCom(0x0c);  //开显示不显示光标
  47   1              LcdWriteCom(0x06);  //写一个指针加一
  48   1              LcdWriteCom(0x01);  //清屏
  49   1              LcdWriteCom(0x80);  //设置数据指针起点
  50   1      }
  51          


MODULE INFORMATION:   STATIC OVERLAYABLE
C51 COMPILER V9.01   LCD1602                                                               06/03/2019 13:50:10 PAGE 2   

   CODE SIZE        =     79    ----
   CONSTANT SIZE    =   ----    ----
   XDATA SIZE       =   ----    ----
   PDATA SIZE       =   ----    ----
   DATA SIZE        =   ----    ----
   IDATA SIZE       =   ----    ----
   BIT SIZE         =   ----    ----
END OF MODULE INFORMATION.


C51 COMPILATION COMPLETE.  0 WARNING(S),  0 ERROR(S)
